c:\users\gustavo\documents\visual studio 2015\projects\consoleapplication1\consoleapplication1\x64\debug\consoleapplication1.pch
c:\users\gustavo\documents\visual studio 2015\projects\consoleapplication1\consoleapplication1\x64\debug\vc140.pdb
c:\users\gustavo\documents\visual studio 2015\projects\consoleapplication1\consoleapplication1\x64\debug\vc140.idb
c:\users\gustavo\documents\visual studio 2015\projects\consoleapplication1\consoleapplication1\x64\debug\stdafx.obj
c:\users\gustavo\documents\visual studio 2015\projects\consoleapplication1\consoleapplication1\x64\debug\camera.obj
c:\users\gustavo\documents\visual studio 2015\projects\consoleapplication1\consoleapplication1\x64\debug\matrix.obj
c:\users\gustavo\documents\visual studio 2015\projects\consoleapplication1\consoleapplication1\x64\debug\ogl_fps_controls.obj
c:\users\gustavo\documents\visual studio 2015\projects\consoleapplication1\consoleapplication1\x64\debug\rasterizer.obj
c:\users\gustavo\documents\visual studio 2015\projects\consoleapplication1\consoleapplication1\x64\debug\triangle.obj
c:\users\gustavo\documents\visual studio 2015\projects\consoleapplication1\consoleapplication1\x64\debug\util.obj
c:\users\gustavo\documents\visual studio 2015\projects\consoleapplication1\x64\debug\consoleapplication1.ilk
c:\users\gustavo\documents\visual studio 2015\projects\consoleapplication1\x64\debug\consoleapplication1.exe
c:\users\gustavo\documents\visual studio 2015\projects\consoleapplication1\x64\debug\consoleapplication1.pdb
c:\users\gustavo\documents\visual studio 2015\projects\consoleapplication1\consoleapplication1\x64\debug\triangle.obj.enc
c:\users\gustavo\documents\visual studio 2015\projects\consoleapplication1\consoleapplication1\x64\debug\consolea.df9db496.tlog\cl.command.1.tlog
c:\users\gustavo\documents\visual studio 2015\projects\consoleapplication1\consoleapplication1\x64\debug\consolea.df9db496.tlog\cl.read.1.tlog
c:\users\gustavo\documents\visual studio 2015\projects\consoleapplication1\consoleapplication1\x64\debug\consolea.df9db496.tlog\cl.write.1.tlog
c:\users\gustavo\documents\visual studio 2015\projects\consoleapplication1\consoleapplication1\x64\debug\consolea.df9db496.tlog\link.command.1.tlog
c:\users\gustavo\documents\visual studio 2015\projects\consoleapplication1\consoleapplication1\x64\debug\consolea.df9db496.tlog\link.read.1.tlog
c:\users\gustavo\documents\visual studio 2015\projects\consoleapplication1\consoleapplication1\x64\debug\consolea.df9db496.tlog\link.write.1.tlog
