Build started 5/8/2017 9:03:00 AM.
     1>Project "C:\Users\Gustavo Netto\Documents\cg\ConsoleApplication1\ConsoleApplication1.vcxproj" on node 2 (Build target(s)).
     1>ClCompile:
         C:\Program Files (x86)\Microsoft Visual Studio 12.0\VC\bin\CL.exe /c /I"C:\Users\Gustavo Netto\Desktop\glui-2.35\glui-2.35\src\include\GL" /I"C:\Users\Gustavo Netto\Documents\cg\ipch\Dependencies\freeglut" /I"C:\Users\Gustavo Netto\Documents\cg\ipch\Dependencies\glew" /ZI /nologo /W3 /WX- /sdl /Od /Oy- /D WIN32 /D _DEBUG /D _CONSOLE /D _LIB /D _CRT_SECURE_NO_WARNINGS /D _UNICODE /D UNICODE /Gm /EHsc /RTC1 /MDd /GS /fp:precise /Zc:wchar_t /Zc:forScope /Yc"stdafx.h" /Fp"Debug\ConsoleApplication1.pch" /Fo"Debug\\" /Fd"Debug\vc120.pdb" /Gd /TP /analyze- /errorReport:prompt stdafx.cpp
         stdafx.cpp
         C:\Program Files (x86)\Microsoft Visual Studio 12.0\VC\bin\CL.exe /c /I"C:\Users\Gustavo Netto\Desktop\glui-2.35\glui-2.35\src\include\GL" /I"C:\Users\Gustavo Netto\Documents\cg\ipch\Dependencies\freeglut" /I"C:\Users\Gustavo Netto\Documents\cg\ipch\Dependencies\glew" /ZI /nologo /W3 /WX- /sdl /Od /Oy- /D WIN32 /D _DEBUG /D _CONSOLE /D _LIB /D _CRT_SECURE_NO_WARNINGS /D _UNICODE /D UNICODE /Gm /EHsc /RTC1 /MDd /GS /fp:precise /Zc:wchar_t /Zc:forScope /Fo"Debug\\" /Fd"Debug\vc120.pdb" /Gd /TP /analyze- /errorReport:prompt Camera.cpp Matrix.cpp ogl_fps_controls.cpp Util.cpp
         Util.cpp
     1>c:\users\gustavo netto\documents\cg\consoleapplication1\util.cpp(61): warning C4101: 'material_count' : unreferenced local variable
     1>c:\users\gustavo netto\documents\cg\consoleapplication1\util.cpp(60): warning C4101: 'shine' : unreferenced local variable
     1>c:\users\gustavo netto\documents\cg\consoleapplication1\util.cpp(62): warning C4101: 'color_index' : unreferenced local variable
     1>c:\users\gustavo netto\documents\cg\consoleapplication1\util.cpp(74): warning C4101: 'NumTris' : unreferenced local variable
         ogl_fps_controls.cpp
     1>c:\users\gustavo netto\desktop\glui-2.35\glui-2.35\src\include\gl\glui.h(868): warning C4244: 'argument' : conversion from 'double' to 'GLfloat', possible loss of data
     1>c:\users\gustavo netto\documents\cg\consoleapplication1\ogl_fps_controls.cpp(33): warning C4056: overflow in floating-point constant arithmetic
     1>c:\users\gustavo netto\documents\cg\consoleapplication1\ogl_fps_controls.cpp(62): warning C4305: 'argument' : truncation from 'double' to 'float'
     1>c:\users\gustavo netto\documents\cg\consoleapplication1\ogl_fps_controls.cpp(63): warning C4305: 'argument' : truncation from 'double' to 'float'
     1>c:\users\gustavo netto\documents\cg\consoleapplication1\ogl_fps_controls.cpp(64): warning C4305: 'argument' : truncation from 'double' to 'float'
     1>c:\users\gustavo netto\documents\cg\consoleapplication1\ogl_fps_controls.cpp(65): warning C4305: 'argument' : truncation from 'double' to 'float'
     1>c:\users\gustavo netto\documents\cg\consoleapplication1\ogl_fps_controls.cpp(66): warning C4305: 'argument' : truncation from 'double' to 'float'
     1>c:\users\gustavo netto\documents\cg\consoleapplication1\ogl_fps_controls.cpp(67): warning C4305: 'argument' : truncation from 'double' to 'float'
     1>c:\users\gustavo netto\documents\cg\consoleapplication1\ogl_fps_controls.cpp(158): warning C4244: 'argument' : conversion from 'int' to 'float', possible loss of data
     1>c:\users\gustavo netto\documents\cg\consoleapplication1\ogl_fps_controls.cpp(323): warning C4244: 'argument' : conversion from 'double' to 'float', possible loss of data
     1>c:\users\gustavo netto\documents\cg\consoleapplication1\ogl_fps_controls.cpp(329): warning C4056: overflow in floating-point constant arithmetic
     1>c:\users\gustavo netto\documents\cg\consoleapplication1\ogl_fps_controls.cpp(331): warning C4244: 'argument' : conversion from 'double' to 'float', possible loss of data
     1>c:\users\gustavo netto\documents\cg\consoleapplication1\ogl_fps_controls.cpp(359): warning C4244: 'argument' : conversion from 'int' to 'float', possible loss of data
     1>c:\users\gustavo netto\documents\cg\consoleapplication1\ogl_fps_controls.cpp(363): warning C4244: 'argument' : conversion from 'int' to 'float', possible loss of data
     1>c:\users\gustavo netto\documents\cg\consoleapplication1\ogl_fps_controls.cpp(370): warning C4244: 'argument' : conversion from 'int' to 'float', possible loss of data
         Matrix.cpp
         Camera.cpp
     1>c:\users\gustavo netto\documents\cg\consoleapplication1\camera.cpp(35): warning C4244: 'initializing' : conversion from 'double' to 'float', possible loss of data
     1>c:\users\gustavo netto\documents\cg\consoleapplication1\camera.cpp(36): warning C4244: 'initializing' : conversion from 'double' to 'float', possible loss of data
     1>c:\users\gustavo netto\documents\cg\consoleapplication1\camera.cpp(45): warning C4244: 'initializing' : conversion from 'double' to 'float', possible loss of data
     1>c:\users\gustavo netto\documents\cg\consoleapplication1\camera.cpp(46): warning C4244: 'initializing' : conversion from 'double' to 'float', possible loss of data
     1>c:\users\gustavo netto\documents\cg\consoleapplication1\camera.cpp(57): warning C4244: 'initializing' : conversion from 'double' to 'float', possible loss of data
     1>c:\users\gustavo netto\documents\cg\consoleapplication1\camera.cpp(58): warning C4244: 'initializing' : conversion from 'double' to 'float', possible loss of data
         Generating Code...
     1>c:\users\gustavo netto\documents\cg\consoleapplication1\ogl_fps_controls.cpp(329): warning C4756: overflow in constant arithmetic
     1>c:\users\gustavo netto\documents\cg\consoleapplication1\ogl_fps_controls.cpp(329): warning C4756: overflow in constant arithmetic
     1>c:\users\gustavo netto\documents\cg\consoleapplication1\ogl_fps_controls.cpp(329): warning C4756: overflow in constant arithmetic
     1>c:\users\gustavo netto\documents\cg\consoleapplication1\ogl_fps_controls.cpp(330): warning C4756: overflow in constant arithmetic
     1>c:\users\gustavo netto\documents\cg\consoleapplication1\ogl_fps_controls.cpp(330): warning C4756: overflow in constant arithmetic
     1>c:\users\gustavo netto\documents\cg\consoleapplication1\ogl_fps_controls.cpp(330): warning C4756: overflow in constant arithmetic
     1>c:\users\gustavo netto\documents\cg\consoleapplication1\ogl_fps_controls.cpp(33): warning C4756: overflow in constant arithmetic
     1>c:\users\gustavo netto\documents\cg\consoleapplication1\ogl_fps_controls.cpp(33): warning C4756: overflow in constant arithmetic
     1>c:\users\gustavo netto\documents\cg\consoleapplication1\ogl_fps_controls.cpp(33): warning C4756: overflow in constant arithmetic
     1>c:\users\gustavo netto\documents\cg\consoleapplication1\ogl_fps_controls.cpp(329): warning C4756: overflow in constant arithmetic
     1>c:\users\gustavo netto\documents\cg\consoleapplication1\ogl_fps_controls.cpp(330): warning C4756: overflow in constant arithmetic
     1>c:\users\gustavo netto\documents\cg\consoleapplication1\ogl_fps_controls.cpp(34): warning C4756: overflow in constant arithmetic
     1>c:\users\gustavo netto\documents\cg\consoleapplication1\ogl_fps_controls.cpp(34): warning C4756: overflow in constant arithmetic
     1>c:\users\gustavo netto\documents\cg\consoleapplication1\ogl_fps_controls.cpp(34): warning C4756: overflow in constant arithmetic
       Link:
         C:\Program Files (x86)\Microsoft Visual Studio 12.0\VC\bin\link.exe /ERRORREPORT:PROMPT /OUT:"C:\Users\Gustavo Netto\Documents\cg\Debug\ConsoleApplication1.exe" /INCREMENTAL /NOLOGO /LIBPATH:"C:\Users\Gustavo\Documents\Visual Studio 2015\Projects\ConsoleApplication1\ipch\Dependencies\glew" /LIBPATH:"C:\Users\Gustavo\Documents\Visual Studio 2015\Projects\ConsoleApplication1\ipch\Dependencies\freeglut" opengl32.lib freeglut.lib glew32.lib glui32.lib kernel32.lib user32.lib gdi32.lib winspool.lib comdlg32.lib advapi32.lib shell32.lib ole32.lib oleaut32.lib uuid.lib odbc32.lib odbccp32.lib /MANIFEST /MANIFESTUAC:"level='asInvoker' uiAccess='false'" /manifest:embed /DEBUG /PDB:"C:\Users\Gustavo Netto\Documents\cg\Debug\ConsoleApplication1.pdb" /SUBSYSTEM:CONSOLE /TLBID:1 /DYNAMICBASE /NXCOMPAT /IMPLIB:"C:\Users\Gustavo Netto\Documents\cg\Debug\ConsoleApplication1.lib" /MACHINE:X86 Debug\Camera.obj
         Debug\Matrix.obj
         Debug\ogl_fps_controls.obj
         Debug\stdafx.obj
         Debug\Util.obj
     1>LINK : fatal error LNK1104: cannot open file 'glui32.lib'
     1>Done Building Project "C:\Users\Gustavo Netto\Documents\cg\ConsoleApplication1\ConsoleApplication1.vcxproj" (Build target(s)) -- FAILED.

Build FAILED.

Time Elapsed 00:00:03.11
